mode: set
url-shortener/helpers/env.go:5.44,6.44 1 1
url-shortener/helpers/env.go:6.44,8.3 1 1
url-shortener/helpers/env.go:9.2,9.12 1 1
url-shortener/helpers/str.go:12.36,14.19 2 1
url-shortener/helpers/str.go:14.19,16.3 1 1
url-shortener/helpers/str.go:17.2,17.18 1 1
url-shortener/usecases/short_link.go:40.86,46.2 2 1
url-shortener/usecases/short_link.go:48.107,54.25 2 1
url-shortener/usecases/short_link.go:54.25,56.32 2 1
url-shortener/usecases/short_link.go:56.32,58.4 1 1
url-shortener/usecases/short_link.go:59.8,61.17 2 1
url-shortener/usecases/short_link.go:61.17,63.4 1 1
url-shortener/usecases/short_link.go:64.3,64.38 1 1
url-shortener/usecases/short_link.go:67.2,67.58 1 1
url-shortener/usecases/short_link.go:67.58,70.3 2 1
url-shortener/usecases/short_link.go:72.2,72.23 1 1
url-shortener/usecases/short_link.go:75.89,77.16 2 1
url-shortener/usecases/short_link.go:77.16,78.36 1 1
url-shortener/usecases/short_link.go:78.36,80.4 1 1
url-shortener/usecases/short_link.go:81.3,82.28 2 1
url-shortener/usecases/short_link.go:85.2,85.23 1 1
url-shortener/usecases/short_link.go:88.71,90.16 2 1
url-shortener/usecases/short_link.go:90.16,93.3 2 1
url-shortener/usecases/short_link.go:95.2,96.16 2 1
url-shortener/usecases/short_link.go:96.16,97.36 1 1
url-shortener/usecases/short_link.go:97.36,99.4 1 1
url-shortener/usecases/short_link.go:100.3,101.27 2 1
url-shortener/usecases/short_link.go:104.2,107.35 3 1
url-shortener/usecases/short_link.go:110.55,111.53 1 1
url-shortener/usecases/short_link.go:111.53,114.36 3 1
url-shortener/usecases/short_link.go:114.36,116.4 1 1
url-shortener/usecases/short_link.go:118.2,118.11 1 1
url-shortener/usecases/short_link.go:121.72,123.16 2 1
url-shortener/usecases/short_link.go:123.16,124.36 1 1
url-shortener/usecases/short_link.go:124.36,126.4 1 1
url-shortener/usecases/short_link.go:127.3,128.23 2 1
url-shortener/usecases/short_link.go:130.2,130.27 1 1
url-shortener/usecases/short_link.go:133.108,135.16 2 1
url-shortener/usecases/short_link.go:135.16,137.3 1 1
url-shortener/usecases/short_link.go:140.70,144.58 3 1
url-shortener/usecases/short_link.go:144.58,147.32 3 1
url-shortener/usecases/short_link.go:147.32,150.4 2 1
url-shortener/usecases/short_link.go:151.8,153.3 1 1
url-shortener/usecases/short_link.go:156.58,157.6 1 1
url-shortener/usecases/short_link.go:157.6,159.38 2 1
url-shortener/usecases/short_link.go:159.38,163.4 3 1
url-shortener/usecases/short_link.go:165.3,173.17 7 1
url-shortener/usecases/short_link.go:173.17,175.4 1 1
url-shortener/repositories/short_link.go:20.82,22.2 1 1
url-shortener/repositories/short_link.go:24.73,26.2 1 1
url-shortener/repositories/short_link.go:28.92,30.87 2 1
url-shortener/repositories/short_link.go:30.87,32.3 1 1
url-shortener/repositories/short_link.go:33.2,33.23 1 1
url-shortener/repositories/short_link.go:36.86,42.2 1 1
url-shortener/repositories/short_link.go:44.105,46.2 1 1
url-shortener/repositories/short_link.go:48.84,50.16 2 1
url-shortener/repositories/short_link.go:50.16,52.3 1 1
url-shortener/repositories/short_link.go:53.2,53.18 1 1
url-shortener/handlers/factory.go:15.58,23.2 4 1
url-shortener/handlers/short_link.go:17.84,19.2 1 1
url-shortener/handlers/short_link.go:21.64,24.43 2 1
url-shortener/handlers/short_link.go:24.43,28.3 1 1
url-shortener/handlers/short_link.go:30.2,30.27 1 1
url-shortener/handlers/short_link.go:30.27,34.3 1 1
url-shortener/handlers/short_link.go:34.8,34.95 1 1
url-shortener/handlers/short_link.go:34.95,38.3 1 1
url-shortener/handlers/short_link.go:38.8,38.54 1 1
url-shortener/handlers/short_link.go:38.54,40.3 1 1
url-shortener/handlers/short_link.go:42.2,42.56 1 1
url-shortener/handlers/short_link.go:42.56,46.3 1 1
url-shortener/handlers/short_link.go:48.2,49.16 2 1
url-shortener/handlers/short_link.go:49.16,50.41 1 1
url-shortener/handlers/short_link.go:50.41,54.4 1 1
url-shortener/handlers/short_link.go:56.3,58.5 1 1
url-shortener/handlers/short_link.go:61.2,63.54 2 1
url-shortener/handlers/short_link.go:66.57,69.16 3 1
url-shortener/handlers/short_link.go:69.16,70.36 1 1
url-shortener/handlers/short_link.go:70.36,72.4 1 1
url-shortener/handlers/short_link.go:73.3,75.5 1 1
url-shortener/handlers/short_link.go:78.2,79.55 2 1
